# JRE version: Java(TM) SE Runtime Environment (7.0_80-b15) (build 1.7.0_80-b15)
# Java VM: Java HotSpot(TM) 64-Bit Server VM (24.80-b11 mixed mode windows-amd64 compressed oops)
Heap
 PSYoungGen      total 114176K, used 23679K [0x00000000eaa80000, 0x00000000f5f00000, 0x0000000100000000)
  eden space 47616K, 28% used [0x00000000eaa80000,0x00000000eb788510,0x00000000ed900000)
  from space 66560K, 15% used [0x00000000f1e00000,0x00000000f28178e0,0x00000000f5f00000)
  to   space 68608K, 0% used [0x00000000ed900000,0x00000000ed900000,0x00000000f1c00000)
 ParOldGen       total 114688K, used 49056K [0x00000000c0000000, 0x00000000c7000000, 0x00000000eaa80000)
  object space 114688K, 42% used [0x00000000c0000000,0x00000000c2fe81e8,0x00000000c7000000)
 PSPermGen       total 94208K, used 62123K [0x00000000a8000000, 0x00000000adc00000, 0x00000000c0000000)
  object space 94208K, 65% used [0x00000000a8000000,0x00000000abcaacb8,0x00000000adc00000)
GC Heap History (10 events):
Event: 93152.046 GC heap before
{Heap before GC invocations=57 (full 8):
 PSYoungGen      total 61952K, used 14132K [0x00000000eaa80000, 0x00000000f6400000, 0x0000000100000000)
  eden space 47616K, 0% used [0x00000000eaa80000,0x00000000eaa80000,0x00000000ed900000)
  from space 14336K, 98% used [0x00000000ed900000,0x00000000ee6cd060,0x00000000ee700000)
  to   space 71168K, 0% used [0x00000000f1e80000,0x00000000f1e80000,0x00000000f6400000)
 ParOldGen       total 114688K, used 42385K [0x00000000c0000000, 0x00000000c7000000, 0x00000000eaa80000)
  object space 114688K, 36% used [0x00000000c0000000,0x00000000c2964518,0x00000000c7000000)
 PSPermGen       total 102400K, used 62090K [0x00000000a8000000, 0x00000000ae400000, 0x00000000c0000000)
  object space 102400K, 60% used [0x00000000a8000000,0x00000000abca2960,0x00000000ae400000)
Event: 93152.617 GC heap after
Heap after GC invocations=57 (full 8):
 PSYoungGen      total 61952K, used 0K [0x00000000eaa80000, 0x00000000f6400000, 0x0000000100000000)
  eden space 47616K, 0% used [0x00000000eaa80000,0x00000000eaa80000,0x00000000ed900000)
  from space 14336K, 0% used [0x00000000ed900000,0x00000000ed900000,0x00000000ee700000)
  to   space 71168K, 0% used [0x00000000f1e80000,0x00000000f1e80000,0x00000000f6400000)
 ParOldGen       total 114688K, used 51532K [0x00000000c0000000, 0x00000000c7000000, 0x00000000eaa80000)
  object space 114688K, 44% used [0x00000000c0000000,0x00000000c32532b8,0x00000000c7000000)
 PSPermGen       total 98304K, used 62060K [0x00000000a8000000, 0x00000000ae000000, 0x00000000c0000000)
  object space 98304K, 63% used [0x00000000a8000000,0x00000000abc9b068,0x00000000ae000000)
}
Event: 93153.631 GC heap before
{Heap before GC invocations=58 (full 8):
 PSYoungGen      total 61952K, used 3605K [0x00000000eaa80000, 0x00000000f6400000, 0x0000000100000000)
  eden space 47616K, 7% used [0x00000000eaa80000,0x00000000eae05710,0x00000000ed900000)
  from space 14336K, 0% used [0x00000000ed900000,0x00000000ed900000,0x00000000ee700000)
  to   space 71168K, 0% used [0x00000000f1e80000,0x00000000f1e80000,0x00000000f6400000)
 ParOldGen       total 114688K, used 51532K [0x00000000c0000000, 0x00000000c7000000, 0x00000000eaa80000)
  object space 114688K, 44% used [0x00000000c0000000,0x00000000c32532b8,0x00000000c7000000)
 PSPermGen       total 98304K, used 62060K [0x00000000a8000000, 0x00000000ae000000, 0x00000000c0000000)
  object space 98304K, 63% used [0x00000000a8000000,0x00000000abc9b1d0,0x00000000ae000000)
Event: 93153.638 GC heap after
Heap after GC invocations=58 (full 8):
 PSYoungGen      total 118272K, used 1370K [0x00000000eaa80000, 0x00000000f6500000, 0x0000000100000000)
  eden space 47104K, 0% used [0x00000000eaa80000,0x00000000eaa80000,0x00000000ed880000)
  from space 71168K, 1% used [0x00000000f1e80000,0x00000000f1fd69e0,0x00000000f6400000)
  to   space 71680K, 0% used [0x00000000ed880000,0x00000000ed880000,0x00000000f1e80000)
 ParOldGen       total 114688K, used 51532K [0x00000000c0000000, 0x00000000c7000000, 0x00000000eaa80000)
  object space 114688K, 44% used [0x00000000c0000000,0x00000000c32532b8,0x00000000c7000000)
 PSPermGen       total 98304K, used 62060K [0x00000000a8000000, 0x00000000ae000000, 0x00000000c0000000)
  object space 98304K, 63% used [0x00000000a8000000,0x00000000abc9b1d0,0x00000000ae000000)
}
Event: 93153.638 GC heap before
{Heap before GC invocations=59 (full 9):
 PSYoungGen      total 118272K, used 1370K [0x00000000eaa80000, 0x00000000f6500000, 0x0000000100000000)
  eden space 47104K, 0% used [0x00000000eaa80000,0x00000000eaa80000,0x00000000ed880000)
  from space 71168K, 1% used [0x00000000f1e80000,0x00000000f1fd69e0,0x00000000f6400000)
  to   space 71680K, 0% used [0x00000000ed880000,0x00000000ed880000,0x00000000f1e80000)
 ParOldGen       total 114688K, used 51532K [0x00000000c0000000, 0x00000000c7000000, 0x00000000eaa80000)
  object space 114688K, 44% used [0x00000000c0000000,0x00000000c32532b8,0x00000000c7000000)
 PSPermGen       total 98304K, used 62060K [0x00000000a8000000, 0x00000000ae000000, 0x00000000c0000000)
  object space 98304K, 63% used [0x00000000a8000000,0x00000000abc9b1d0,0x00000000ae000000)
Event: 93153.831 GC heap after
Heap after GC invocations=59 (full 9):
 PSYoungGen      total 118272K, used 0K [0x00000000eaa80000, 0x00000000f6500000, 0x0000000100000000)
  eden space 47104K, 0% used [0x00000000eaa80000,0x00000000eaa80000,0x00000000ed880000)
  from space 71168K, 0% used [0x00000000f1e80000,0x00000000f1e80000,0x00000000f6400000)
  to   space 71680K, 0% used [0x00000000ed880000,0x00000000ed880000,0x00000000f1e80000)
 ParOldGen       total 114688K, used 49056K [0x00000000c0000000, 0x00000000c7000000, 0x00000000eaa80000)
  object space 114688K, 42% used [0x00000000c0000000,0x00000000c2fe81e8,0x00000000c7000000)
 PSPermGen       total 94208K, used 62057K [0x00000000a8000000, 0x00000000adc00000, 0x00000000c0000000)
  object space 94208K, 65% used [0x00000000a8000000,0x00000000abc9a600,0x00000000adc00000)
}
Event: 93205.982 GC heap before
{Heap before GC invocations=60 (full 9):
 PSYoungGen      total 118272K, used 47104K [0x00000000eaa80000, 0x00000000f6500000, 0x0000000100000000)
  eden space 47104K, 100% used [0x00000000eaa80000,0x00000000ed880000,0x00000000ed880000)
  from space 71168K, 0% used [0x00000000f1e80000,0x00000000f1e80000,0x00000000f6400000)
  to   space 71680K, 0% used [0x00000000ed880000,0x00000000ed880000,0x00000000f1e80000)
 ParOldGen       total 114688K, used 49056K [0x00000000c0000000, 0x00000000c7000000, 0x00000000eaa80000)
  object space 114688K, 42% used [0x00000000c0000000,0x00000000c2fe81e8,0x00000000c7000000)
 PSPermGen       total 94208K, used 62081K [0x00000000a8000000, 0x00000000adc00000, 0x00000000c0000000)
  object space 94208K, 65% used [0x00000000a8000000,0x00000000abca0740,0x00000000adc00000)
Event: 93205.992 GC heap after
Heap after GC invocations=60 (full 9):
 PSYoungGen      total 54272K, used 6851K [0x00000000eaa80000, 0x00000000f6300000, 0x0000000100000000)
  eden space 47104K, 0% used [0x00000000eaa80000,0x00000000eaa80000,0x00000000ed880000)
  from space 7168K, 95% used [0x00000000ed880000,0x00000000edf30e68,0x00000000edf80000)
  to   space 70656K, 0% used [0x00000000f1e00000,0x00000000f1e00000,0x00000000f6300000)
 ParOldGen       total 114688K, used 49056K [0x00000000c0000000, 0x00000000c7000000, 0x00000000eaa80000)
  object space 114688K, 42% used [0x00000000c0000000,0x00000000c2fe81e8,0x00000000c7000000)
 PSPermGen       total 94208K, used 62081K [0x00000000a8000000, 0x00000000adc00000, 0x00000000c0000000)
  object space 94208K, 65% used [0x00000000a8000000,0x00000000abca0740,0x00000000adc00000)
}
Event: 93297.129 GC heap before
{Heap before GC invocations=61 (full 9):
 PSYoungGen      total 54272K, used 53955K [0x00000000eaa80000, 0x00000000f6300000, 0x0000000100000000)
  eden space 47104K, 100% used [0x00000000eaa80000,0x00000000ed880000,0x00000000ed880000)
  from space 7168K, 95% used [0x00000000ed880000,0x00000000edf30e68,0x00000000edf80000)
  to   space 70656K, 0% used [0x00000000f1e00000,0x00000000f1e00000,0x00000000f6300000)
 ParOldGen       total 114688K, used 49056K [0x00000000c0000000, 0x00000000c7000000, 0x00000000eaa80000)
  object space 114688K, 42% used [0x00000000c0000000,0x00000000c2fe81e8,0x00000000c7000000)
 PSPermGen       total 94208K, used 62087K [0x00000000a8000000, 0x00000000adc00000, 0x00000000c0000000)
  object space 94208K, 65% used [0x00000000a8000000,0x00000000abca1d80,0x00000000adc00000)
Event: 93297.142 GC heap after
Heap after GC invocations=61 (full 9):
 PSYoungGen      total 114176K, used 10334K [0x00000000eaa80000, 0x00000000f5f00000, 0x0000000100000000)
  eden space 47616K, 0% used [0x00000000eaa80000,0x00000000eaa80000,0x00000000ed900000)
  from space 66560K, 15% used [0x00000000f1e00000,0x00000000f28178e0,0x00000000f5f00000)
  to   space 68608K, 0% used [0x00000000ed900000,0x00000000ed900000,0x00000000f1c00000)
 ParOldGen       total 114688K, used 49056K [0x00000000c0000000, 0x00000000c7000000, 0x00000000eaa80000)
  object space 114688K, 42% used [0x00000000c0000000,0x00000000c2fe81e8,0x00000000c7000000)
 PSPermGen       total 94208K, used 62087K [0x00000000a8000000, 0x00000000adc00000, 0x00000000c0000000)
  object space 94208K, 65% used [0x00000000a8000000,0x00000000abca1d80,0x00000000adc00000)
}

